[INFO] Scanning for projects...
[INFO] 
[INFO] ------------------------< com.project:waternet >------------------------
[INFO] Building  0.0.1-SNAPSHOT
[INFO]   from pom.xml
[INFO] --------------------------------[ jar ]---------------------------------
[INFO] 
[INFO] >>> spring-boot:4.1.0:run (default-cli) > test-compile @ waternet >>>
[INFO] 
[INFO] --- resources:3.5.0:resources (default-resources) @ waternet ---
[INFO] Copying 1 resource from src\main\resources to target\classes
[INFO] Copying 0 resource from src\main\resources to target\classes
[INFO] 
[INFO] --- compiler:3.15.0:compile (default-compile) @ waternet ---
[INFO] Nothing to compile - all classes are up to date.
[INFO] 
[INFO] --- resources:3.5.0:testResources (default-testResources) @ waternet ---
[INFO] skip non existing resourceDirectory D:\Ęý×ÖÂĎÉúË®ÍřżÎÉč\Ęý×ÖÂĎÉúË®ÍřĎîÄż\waternet\src\test\resources
[INFO] 
[INFO] --- compiler:3.15.0:testCompile (default-testCompile) @ waternet ---
[INFO] Nothing to compile - all classes are up to date.
[INFO] 
[INFO] <<< spring-boot:4.1.0:run (default-cli) < test-compile @ waternet <<<
[INFO] 
[INFO] 
[INFO] --- spring-boot:4.1.0:run (default-cli) @ waternet ---
[INFO] Attaching agents: []

  .   ____          _            __ _ _
 /\\ / ___'_ __ _ _(_)_ __  __ _ \ \ \ \
( ( )\___ | '_ | '_| | '_ \/ _` | \ \ \ \
 \\/  ___)| |_)| | | | | || (_| |  ) ) ) )
  '  |____| .__|_| |_|_| |_\__, | / / / /
 =========|_|==============|___/=/_/_/_/

 :: Spring Boot ::                (v4.1.0)

2026-07-03T14:06:17.152+08:00  INFO 43004 --- [waternet] [           main] c.project.waternet.WaternetApplication   : Starting WaternetApplication using Java 21.0.9 with PID 43004 (D:\ć•°ĺ­—ĺ­Şç”źć°´ç˝‘čŻľč®ľ\ć•°ĺ­—ĺ­Şç”źć°´ç˝‘éˇąç›®\waternet\target\classes started by 17671 in D:\ć•°ĺ­—ĺ­Şç”źć°´ç˝‘čŻľč®ľ\ć•°ĺ­—ĺ­Şç”źć°´ç˝‘éˇąç›®\waternet)
2026-07-03T14:06:17.157+08:00  INFO 43004 --- [waternet] [           main] c.project.waternet.WaternetApplication   : No active profile set, falling back to 1 default profile: "default"
2026-07-03T14:06:18.066+08:00  INFO 43004 --- [waternet] [           main] o.s.boot.tomcat.TomcatWebServer          : Tomcat initialized with port 8080 (http)
2026-07-03T14:06:18.091+08:00  INFO 43004 --- [waternet] [           main] o.apache.catalina.core.StandardService   : Starting service [Tomcat]
2026-07-03T14:06:18.092+08:00  INFO 43004 --- [waternet] [           main] o.apache.catalina.core.StandardEngine    : Starting Servlet engine: [Apache Tomcat/11.0.22]
2026-07-03T14:06:18.148+08:00  INFO 43004 --- [waternet] [           main] b.w.c.s.WebApplicationContextInitializer : Root WebApplicationContext: initialization completed in 945 ms
2026-07-03T14:06:18.585+08:00  WARN 43004 --- [waternet] [           main] .s.a.UserDetailsServiceAutoConfiguration : 

Using generated security password: 3eee2ac4-87aa-4662-b08c-555badef694b

This generated password is for development use only. Your security configuration must be updated before running your application in production.

2026-07-03T14:06:18.818+08:00  INFO 43004 --- [waternet] [           main] r$InitializeUserDetailsManagerConfigurer : Global AuthenticationManager configured with UserDetailsService bean with name inMemoryUserDetailsManager
2026-07-03T14:06:19.179+08:00  INFO 43004 --- [waternet] [           main] o.s.boot.tomcat.TomcatWebServer          : Tomcat started on port 8080 (http) with context path '/'
2026-07-03T14:06:19.187+08:00  INFO 43004 --- [waternet] [           main] c.project.waternet.WaternetApplication   : Started WaternetApplication in 2.822 seconds (process running for 3.201)
2026-07-03T14:06:19.296+08:00  INFO 43004 --- [waternet] [nio-8080-exec-2] o.a.c.c.C.[Tomcat].[localhost].[/]       : Initializing Spring DispatcherServlet 'dispatcherServlet'
2026-07-03T14:06:19.522+08:00  INFO 43004 --- [waternet] [nio-8080-exec-2] o.s.web.servlet.DispatcherServlet        : Initializing Servlet 'dispatcherServlet'
2026-07-03T14:06:19.525+08:00  INFO 43004 --- [waternet] [nio-8080-exec-2] o.s.web.servlet.DispatcherServlet        : Completed initialization in 2 ms
[INFO] ------------------------------------------------------------------------
[INFO] BUILD FAILURE
[INFO] ------------------------------------------------------------------------
[INFO] Total time:  46:16 min
[INFO] Finished at: 2026-07-03T14:52:30+08:00
[INFO] ------------------------------------------------------------------------
[ERROR] Failed to execute goal org.springframework.boot:spring-boot-maven-plugin:4.1.0:run (default-cli) on project waternet: Process terminated with exit code: -1 -> [Help 1]
[ERROR] 
[ERROR] To see the full stack trace of the errors, re-run Maven with the -e switch.
[ERROR] Re-run Maven using the -X switch to enable full debug logging.
[ERROR] 
[ERROR] For more information about the errors and possible solutions, please read the following articles:
[ERROR] [Help 1] http://cwiki.apache.org/confluence/display/MAVEN/MojoExecutionException
